20230614	18:36:18	{uuid()}	GET	/	undefined
20230614	18:36:18	{uuid()}	GET	/css/style.css	undefined
20230614	18:37:55	32ca4861-8659-47d1-91e3-c15ebfea4906	GET	/	undefined
20230614	18:37:55	b17f6ced-5acf-46a4-96cf-81534b7609ea	GET	/css/style.css	undefined
20230614	19:04:31	1878bff7-1797-4d00-9e6a-d2e2a750c52e	OPTIONS	/	https://www.google.com
20230614	19:04:31	47651c4d-2cc9-4f2b-bbe1-11ca38bf7fed	GET	/	https://www.google.com
20230614	19:04:52	82453a91-2e2a-4e05-9781-8fd8c061ab02	OPTIONS	/	https://www.google.com
20230614	19:04:52	d3b56844-3f4f-4364-bccd-8090297ee4be	GET	/	https://www.google.com
20230614	19:05:07	dd09b397-f07d-47b5-9af2-5082ab8ed501	OPTIONS	/	https://www.google.com
20230614	19:05:07	6e5f70cf-6dde-4cce-b48b-5baaa0f9566d	GET	/	https://www.google.com
20230614	19:05:25	499120bc-fe4e-4543-838e-461f0db42b89	OPTIONS	/	https://www.google.com
20230614	19:05:25	222cc30c-4f93-4cf5-8b27-b6b01737ee23	GET	/	https://www.google.com
20230615	10:17:02	d4f0137d-65da-49c6-853a-b4e0610fd430	GET	/	undefined
20230615	10:17:02	4f51d81d-31f1-4c15-8686-e3828cc155b9	GET	/css/style.css	undefined
20230615	10:17:02	f4906b74-80f2-41c8-959b-d7051bbb93ef	GET	/favicon.ico	undefined
20230615	10:18:28	4e65196d-da34-4f12-8d8b-5d9bab0d49f9	GET	/	undefined
20230615	10:18:28	b245dba9-331c-4ac1-b63f-afb0c4005bbe	GET	/css/style.css	undefined
20230615	10:19:46	67fa2c65-eb25-458d-a483-f627b6781609	OPTIONS	/	https://www.google.com
20230615	10:19:47	1adf0f6c-c493-4335-b4f9-e1777c04d37a	GET	/	https://www.google.com
20230615	10:20:47	c6ed199f-a787-4fcd-bc26-ceef2d28985f	OPTIONS	/	https://www.google.com
20230615	10:20:47	990a5027-ec8c-4f9f-8f7a-7b3247912088	GET	/	https://www.google.com
20230615	10:20:59	a260409a-af93-4447-9c25-308cee05d2e0	OPTIONS	/	https://www.google.com
20230615	10:20:59	ab0e4117-cb8b-48f0-adc7-8ece1af6ffd5	GET	/	https://www.google.com
20230615	10:21:43	bc83b594-dd83-43b6-9296-d5ff280dd9d2	OPTIONS	/	https://www.google.com
20230615	10:21:43	5ccdcd2c-4de7-4deb-b238-0cf92e0d85b8	GET	/	https://www.google.com
20230616	16:43:15	0fafcd3a-b155-4be7-9d62-f42ee875520f	GET	/	undefined
20230616	16:44:59	271e6577-5be0-4c93-8363-bc9d54f833df	GET	/users	undefined
20230616	16:46:07	433e0337-dc27-425a-aea3-c9eac398efc0	GET	/users	undefined
20230616	17:06:29	6b356fc7-661e-4c59-90bc-a5b8e866e77b	POST	/users	undefined
20230616	17:07:38	7b6dbead-d666-4f7b-aa64-ab45dd456428	POST	/users	undefined
20230616	17:10:05	2787611b-0754-4121-8b6c-dd3586159f00	POST	/users	undefined
20230616	17:10:13	49f9474e-6d80-4e1d-ad0a-6e152f146fbb	GET	/users	undefined
20230616	17:10:25	8bf9c443-f2d6-437e-b54d-9e7cc94d4c40	POST	/users	undefined
20230616	17:11:42	9ce3e098-b55a-45c6-8d4d-a57c54546ccb	POST	/users	undefined
20230616	17:12:43	88872d60-402d-43bd-82f5-2951b6cb7912	GET	/users	undefined
20230616	17:14:22	c94cec93-3931-41cf-8875-6adcd84412f3	POST	/users	undefined
20230616	17:14:40	e9155a39-728b-4746-844e-6f8f260250ea	POST	/users	undefined
20230616	17:15:52	a3f0abad-c300-4a34-92f1-fafaa2c640f8	POST	/users	undefined
20230616	17:16:01	f0e4427e-fbd7-49e3-bf31-cfa40a573390	POST	/users	undefined
20230616	17:16:55	78b2bd67-354e-42aa-9f86-531b95db0b9f	POST	/users	undefined
20230616	17:17:14	18aa0253-4e12-4f12-a061-029b4ddf2fb1	POST	/users	undefined
20230616	17:18:35	18ea4349-3885-4112-a325-4032cc0e4545	GET	/users	undefined
20230616	17:19:33	88bf85b3-29a5-4971-b05b-a52bb3a15806	GET	/users	undefined
20230616	17:19:50	51977aee-2bf6-4c2c-a459-9de32aef32fb	PATCH	/users	undefined
20230616	17:22:27	a66e3c27-4395-475b-bb80-9cdae3d04274	PATCH	/users	undefined
20230616	17:23:05	903d7971-d1a8-476d-828c-6613be9fdc13	GET	/users	undefined
20230616	17:23:24	0e627935-420d-4b08-b4bd-1b05b6fff699	PATCH	/users	undefined
20230616	20:21:13	2b21f6c0-6e49-40ab-8008-238c6adc80af	PATCH	/users	undefined
20230616	20:21:28	c38d3b49-221f-4d0c-9e91-959aead92e10	GET	/users	undefined
20230616	20:21:35	668cf2c9-4669-4e2e-bbb9-a6cfc22343ad	GET	/users	undefined
20230616	20:21:49	4a1fb8a3-a76f-4cd6-bd06-d1fc27de1d28	PATCH	/users	undefined
20230616	20:26:49	f64193db-b09c-41d4-b4cc-3800dbfaba6f	PATCH	/users	undefined
20230616	20:27:12	07face32-7013-458e-8869-e36e15f6c7c3	PATCH	/users	undefined
20230616	20:30:30	ab4467b4-ee79-48a2-b399-e19bfaa13b80	PATCH	/users	undefined
20230616	20:31:07	fe4e4d3a-cd75-43a4-9669-c814eee98d16	PATCH	/users	undefined
20230616	20:35:01	bafbcd9d-753c-458a-807b-f897e4679b73	PATCH	/users	undefined
20230616	20:35:06	2f25a768-23ca-429e-a549-40f5fe986958	PATCH	/users	undefined
20230616	20:35:16	895988fe-fcfc-4328-9d21-deb13a597c9f	PATCH	/users	undefined
20230617	09:44:51	9d2cb82d-1e71-490e-a4ba-2d062bffd9bb	GET	/users	undefined
20230617	09:45:00	4ad46fda-63c1-4184-8e7e-92ed8b286dd2	PATCH	/users	undefined
20230617	10:05:43	6b0ae0e7-2ece-46e4-8daf-304cd9a2b6d1	PATCH	/users	undefined
20230617	10:05:53	4f8be467-ff1d-4f86-a32b-d64e17a24bc9	PATCH	/users	undefined
20230617	10:06:24	9a748ffb-bfc5-4142-ac94-28aab2f4f6d1	PATCH	/users	undefined
20230617	10:06:44	df59adde-9b8c-4d23-9d03-e849dd93ca8c	GET	/users	undefined
20230617	10:07:14	ff58913f-32f9-45a8-a0c4-e656458448c3	GET	/users	undefined
20230617	10:07:48	0b841c25-2fdc-4765-896f-a7b5f17e16f4	PATCH	/users	undefined
20230617	10:07:51	ba9258c6-8317-4d4e-bf2b-eabc0b98ec85	GET	/users	undefined
20230617	10:07:57	2c8a62c4-0b4d-4049-9a40-2e10c6d2a011	GET	/users	undefined
20230617	10:08:04	ff301093-6378-4866-940f-3c6aa0e94e0d	GET	/users	undefined
20230617	10:08:33	f1383085-41eb-4d90-b215-fff8fd87dbd8	GET	/users	undefined
20230617	10:08:41	651d67ad-11e4-423b-907e-df6f002069c3	GET	/users	undefined
20230617	10:08:54	707ca93c-f57f-4406-8b44-1ba48c9481d8	PATCH	/users	undefined
20230617	10:09:03	60ef784e-3a95-4101-acfd-cbe12e5de12c	PATCH	/users	undefined
20230617	10:09:10	b3afa2fe-80ef-460c-9259-2ea1b6bb3704	PATCH	/users	undefined
20230617	10:10:43	f45a8184-8b36-4b4f-84c4-cbe8121dfb68	POST	/users	undefined
20230617	10:10:48	9452cac6-96cd-48b0-be5e-b689f3572b6b	GET	/users	undefined
20230617	10:11:59	9fa3e6cf-5478-49e2-b740-ec364b8e3ab9	PATCH	/users	undefined
20230617	10:14:46	68241487-67af-45a2-aa1b-b9549c37930a	DELETE	/users	undefined
20230617	10:14:55	92f68e13-eb8f-44d2-8d38-08f12a0cc189	DELETE	/users	undefined
20230617	10:15:08	e71aac09-c3eb-48df-b835-2d8af85ec2b1	DELETE	/users	undefined
20230617	10:16:00	7df99943-f80c-41ee-af4c-11d2a04fb5fe	POST	/users	undefined
20230617	10:16:24	33c949f1-a417-4f28-adf6-f8158f4196bb	DELETE	/users	undefined
20230617	10:16:33	7bc0ecae-1d16-47bd-88d6-7eb286272f04	GET	/users	undefined
20230617	10:16:50	87f66aeb-58d7-475f-bd2f-bac68ff145a0	DELETE	/users	undefined
20230617	10:17:00	fead2388-0290-4aa3-a6e5-8180445ff77a	DELETE	/users	undefined
20230617	10:17:06	540a2847-6653-4155-beda-cd96dc9eb5e0	GET	/users	undefined
20230617	10:17:16	f2ee2a73-086d-426b-8ce4-a234f2dce6d2	GET	/users	undefined
20230617	10:17:22	f98fd9a0-e366-4688-ab4c-799ab1ac506f	DELETE	/users	undefined
20230617	10:17:38	18290122-a229-4993-a5d2-4835854ea445	GET	/users	undefined
20230617	10:17:50	1144b3b0-91c9-4a99-ba7c-bbb235a7c9f4	DELETE	/users	undefined
20230617	10:17:53	f9d7087e-1109-4a97-adf2-ca3474cfef8b	GET	/users	undefined
20230617	13:03:00	a63b3d63-3664-480b-9713-ede29240bb2a	GET	/notes	undefined
20230617	13:04:54	6c0f9dfc-2e68-4d61-9c94-4dc05e5946c5	POST	/notes	undefined
20230617	13:05:59	937edf79-b023-460f-a180-dae92f50e135	POST	/notes	undefined
20230617	13:06:03	952a7f38-c14f-4906-a638-572632547d11	POST	/notes	undefined
20230617	13:06:19	a5dcfe19-5bf7-4920-ac56-7c0d25a891e4	POST	/notes	undefined
20230617	13:07:59	96734469-2993-488a-bc56-cc8d33d5f021	GET	/users	undefined
20230617	13:08:46	adc13733-a1b2-40ba-9d16-1d30cab1ecb5	POST	/users	undefined
20230617	13:08:51	051b0591-9c8e-46d6-9c56-7f484cfcf438	GET	/users	undefined
20230617	13:09:06	44c5ef87-4d48-4463-a7c9-ef53b75e336a	POST	/notes	undefined
20230617	13:10:05	77efdb6c-e045-4328-a259-a0f16e1ae249	POST	/notes	undefined
20230617	13:10:24	9e62ae75-373c-4867-8a55-4661f1c92d50	POST	/notes	undefined
20230624	19:20:49	e2c2c7df-baa6-406f-a8fd-5435a2c1930e	GET	/	undefined
20230624	19:20:49	cb1c0e02-92fc-4c84-899a-789fe12baded	GET	/css/style.css	undefined
20230624	19:20:49	a7abf12d-822b-4b6f-b762-0e9e4bfc1588	GET	/cart.json	undefined
20230624	19:20:50	242eac65-83a3-4cd4-85fa-607a83e80ba1	GET	/favicon.ico	undefined
20230624	19:20:57	150d6315-558b-475a-b475-572901ce68fe	GET	/	undefined
20230624	19:20:57	d0972650-63a1-409e-8e31-9ae5e509beab	GET	/css/style.css	undefined
20230624	19:20:57	e111fa23-b72c-4cfa-83ba-b006c317cdcb	GET	/cart.json	undefined
20230624	19:21:15	411f88c5-6de4-40ce-a9dc-317371cf9b01	GET	/	undefined
20230624	19:21:15	fb7fd5f3-ceab-41f3-8587-217e4f71b889	GET	/css/style.css	undefined
20230624	19:21:15	0af09bbd-83f1-45b3-9766-6840437d37cd	GET	/cart.json	undefined
20230624	19:21:58	61781913-a0b4-44bd-a53c-4f3073b1874c	GET	/	undefined
20230624	19:21:58	3a150172-f7b3-4b91-b178-0bb02c2c7f6f	GET	/css/style.css	undefined
20230624	19:21:58	df711d2b-e4ee-457e-8877-f80c2a3929b5	GET	/cart.json	undefined
20230624	19:29:13	73a52cae-a0cd-4075-9e28-3d0e3d902e75	GET	/	undefined
20230624	19:29:13	0a5c4665-905b-4366-a2c6-6be5ac1f0583	GET	/css/style.css	undefined
20230624	19:29:14	4d85cf1b-1029-48d0-a17e-754e6b0de29e	GET	/cart.json	undefined
20230624	19:29:17	a458aa79-1bcc-443d-a47d-53ba89fa4468	GET	/dash	undefined
20230624	19:29:17	823c5c63-20d8-4d9f-bda2-77f5188f3774	GET	/css/style.css	undefined
20230624	19:29:18	dfda1dac-61b5-4e37-9368-850d7c6b4b72	GET	/cart.json	undefined
